This file contains any messages produced by compilers while
running configure, to aid debugging if configure makes a mistake.

It was created by configure, which was
generated by GNU Autoconf 2.68.  Invocation command line was

  $ ./configure 

## --------- ##
## Platform. ##
## --------- ##

hostname = Poincare.homenet.telecomitalia.it
uname -m = x86_64
uname -r = 15.3.0
uname -s = Darwin
uname -v = Darwin Kernel Version 15.3.0: Thu Dec 10 18:40:58 PST 2015; root:xnu-3248.30.4~1/RELEASE_X86_64

/usr/bin/uname -p = i386
/bin/uname -X     = unknown

/bin/arch              = unknown
/usr/bin/arch -k       = unknown
/usr/convex/getsysinfo = unknown
/usr/bin/hostinfo      = Mach kernel version:
	 Darwin Kernel Version 15.3.0: Thu Dec 10 18:40:58 PST 2015; root:xnu-3248.30.4~1/RELEASE_X86_64
Kernel configured for up to 4 processors.
2 processors are physically available.
4 processors are logically available.
Processor type: i486 (Intel 80486)
Processors active: 0 1 2 3
Primary memory available: 16.00 gigabytes
Default processor set: 320 tasks, 1957 threads, 4 processors
Load average: 4.32, Mach factor: 1.75
/bin/machine           = unknown
/usr/bin/oslevel       = unknown
/bin/universe          = unknown

PATH: /Users/poincare/anaconda3/bin
PATH: /Users/poincare/scala-2.11.8/bin
PATH: /usr/local/bin/anaconda/bin
PATH: /usr/local/bin
PATH: /Users/poincare/.rvm/gems/ruby-2.1.3/bin
PATH: /Users/poincare/.rvm/gems/ruby-2.1.3@global/bin
PATH: /Users/poincare/.rvm/rubies/ruby-2.1.3/bin
PATH: /usr/bin
PATH: /bin
PATH: /usr/sbin
PATH: /sbin
PATH: /usr/local/bin
PATH: /Applications/SWI-Prolog.app/Contents/MacOS/
PATH: /opt/X11/bin
PATH: /Library/TeX/texbin
PATH: /Users/poincare/.rvm/bin
PATH: /usr/local/smlnj/bin


## ----------- ##
## Core tests. ##
## ----------- ##

configure:2548: checking for a BSD-compatible install
configure:2616: result: /usr/bin/install -c
configure:2627: checking whether build environment is sane
configure:2677: result: yes
configure:2818: checking for a thread-safe mkdir -p
configure:2857: result: ./install-sh -c -d
configure:2870: checking for gawk
configure:2900: result: no
configure:2870: checking for mawk
configure:2900: result: no
configure:2870: checking for nawk
configure:2900: result: no
configure:2870: checking for awk
configure:2886: found /usr/bin/awk
configure:2897: result: awk
configure:2908: checking whether make sets $(MAKE)
configure:2930: result: yes
configure:3059: checking for gcc
configure:3075: found /usr/bin/gcc
configure:3086: result: gcc
configure:3315: checking for C compiler version
configure:3324: gcc --version >&5
Apple LLVM version 7.0.2 (clang-700.1.81)
Target: x86_64-apple-darwin15.3.0
Thread model: posix
Configured with: --prefix=/Applications/Xcode.app/Contents/Developer/usr --with-gxx-include-dir=/usr/include/c++/4.2.1
configure:3335: $? = 0
configure:3324: gcc -v >&5
Configured with: --prefix=/Applications/Xcode.app/Contents/Developer/usr --with-gxx-include-dir=/usr/include/c++/4.2.1
Apple LLVM version 7.0.2 (clang-700.1.81)
Target: x86_64-apple-darwin15.3.0
Thread model: posix
configure:3335: $? = 0
configure:3324: gcc -V >&5
clang: error: argument to '-V' is missing (expected 1 value)
clang: error: no input files
configure:3335: $? = 1
configure:3324: gcc -qversion >&5
clang: error: unknown argument: '-qversion'
clang: error: no input files
configure:3335: $? = 1
configure:3355: checking whether the C compiler works
configure:3377: gcc    conftest.c  >&5
configure:3381: $? = 0
configure:3429: result: yes
configure:3432: checking for C compiler default output file name
configure:3434: result: a.out
configure:3440: checking for suffix of executables
configure:3447: gcc -o conftest    conftest.c  >&5
configure:3451: $? = 0
configure:3473: result: 
configure:3495: checking whether we are cross compiling
configure:3503: gcc -o conftest    conftest.c  >&5
configure:3507: $? = 0
configure:3514: ./conftest
configure:3518: $? = 0
configure:3533: result: no
configure:3538: checking for suffix of object files
configure:3560: gcc -c   conftest.c >&5
configure:3564: $? = 0
configure:3585: result: o
configure:3589: checking whether we are using the GNU C compiler
configure:3608: gcc -c   conftest.c >&5
configure:3608: $? = 0
configure:3617: result: yes
configure:3626: checking whether gcc accepts -g
configure:3646: gcc -c -g  conftest.c >&5
configure:3646: $? = 0
configure:3687: result: yes
configure:3704: checking for gcc option to accept ISO C89
configure:3768: gcc  -c -g -O2  conftest.c >&5
configure:3768: $? = 0
configure:3781: result: none needed
configure:3812: checking for style of include used by make
configure:3840: result: GNU
configure:3865: checking dependency style of gcc
configure:3975: result: gcc3
configure:4048: checking for g++
configure:4064: found /usr/bin/g++
configure:4075: result: g++
configure:4102: checking for C++ compiler version
configure:4111: g++ --version >&5
Apple LLVM version 7.0.2 (clang-700.1.81)
Target: x86_64-apple-darwin15.3.0
Thread model: posix
Configured with: --prefix=/Applications/Xcode.app/Contents/Developer/usr --with-gxx-include-dir=/usr/include/c++/4.2.1
configure:4122: $? = 0
configure:4111: g++ -v >&5
Configured with: --prefix=/Applications/Xcode.app/Contents/Developer/usr --with-gxx-include-dir=/usr/include/c++/4.2.1
Apple LLVM version 7.0.2 (clang-700.1.81)
Target: x86_64-apple-darwin15.3.0
Thread model: posix
configure:4122: $? = 0
configure:4111: g++ -V >&5
clang: error: argument to '-V' is missing (expected 1 value)
clang: error: no input files
configure:4122: $? = 1
configure:4111: g++ -qversion >&5
clang: error: unknown argument: '-qversion'
clang: error: no input files
configure:4122: $? = 1
configure:4126: checking whether we are using the GNU C++ compiler
configure:4145: g++ -c   conftest.cpp >&5
configure:4145: $? = 0
configure:4154: result: yes
configure:4163: checking whether g++ accepts -g
configure:4183: g++ -c -g  conftest.cpp >&5
configure:4183: $? = 0
configure:4224: result: yes
configure:4249: checking dependency style of g++
configure:4359: result: gcc3
configure:4380: checking how to run the C preprocessor
configure:4411: gcc -E  conftest.c
configure:4411: $? = 0
configure:4425: gcc -E  conftest.c
conftest.c:11:10: fatal error: 'ac_nonexistent.h' file not found
#include <ac_nonexistent.h>
         ^
1 error generated.
configure:4425: $? = 1
configure: failed program was:
| /* confdefs.h */
| #define PACKAGE_NAME ""
| #define PACKAGE_TARNAME ""
| #define PACKAGE_VERSION ""
| #define PACKAGE_STRING ""
| #define PACKAGE_BUGREPORT ""
| #define PACKAGE_URL ""
| #define PACKAGE "CRF++"
| #define VERSION "0.57"
| /* end confdefs.h.  */
| #include <ac_nonexistent.h>
configure:4450: result: gcc -E
configure:4470: gcc -E  conftest.c
configure:4470: $? = 0
configure:4484: gcc -E  conftest.c
conftest.c:11:10: fatal error: 'ac_nonexistent.h' file not found
#include <ac_nonexistent.h>
         ^
1 error generated.
configure:4484: $? = 1
configure: failed program was:
| /* confdefs.h */
| #define PACKAGE_NAME ""
| #define PACKAGE_TARNAME ""
| #define PACKAGE_VERSION ""
| #define PACKAGE_STRING ""
| #define PACKAGE_BUGREPORT ""
| #define PACKAGE_URL ""
| #define PACKAGE "CRF++"
| #define VERSION "0.57"
| /* end confdefs.h.  */
| #include <ac_nonexistent.h>
configure:4513: checking for grep that handles long lines and -e
configure:4571: result: /usr/bin/grep
configure:4576: checking for egrep
configure:4638: result: /usr/bin/grep -E
configure:4644: checking whether gcc needs -traditional
conftest.c:11:10: fatal error: 'termio.h' file not found
#include <termio.h>
         ^
1 error generated.
configure:4678: result: no
configure:4685: checking whether make sets $(MAKE)
configure:4707: result: yes
configure:4716: checking for library containing strerror
configure:4747: gcc -o conftest -g -O2   conftest.c  >&5
conftest.c:18:6: warning: incompatible redeclaration of library function 'strerror' [-Wincompatible-library-redeclaration]
char strerror ();
     ^
conftest.c:18:6: note: 'strerror' is a builtin with type 'char *(int)'
1 warning generated.
configure:4747: $? = 0
configure:4764: result: none required
configure:4776: checking build system type
configure:4790: result: x86_64-apple-darwin15.3.0
configure:4810: checking host system type
configure:4823: result: x86_64-apple-darwin15.3.0
configure:4901: checking how to print strings
configure:4928: result: printf
configure:4949: checking for a sed that does not truncate output
configure:5013: result: /usr/bin/sed
configure:5031: checking for fgrep
configure:5093: result: /usr/bin/grep -F
configure:5128: checking for ld used by gcc
configure:5195: result: /Applications/Xcode.app/Contents/Developer/Toolchains/XcodeDefault.xctoolchain/usr/bin/ld
configure:5202: checking if the linker (/Applications/Xcode.app/Contents/Developer/Toolchains/XcodeDefault.xctoolchain/usr/bin/ld) is GNU ld
configure:5217: result: no
configure:5229: checking for BSD- or MS-compatible name lister (nm)
configure:5278: result: /usr/bin/nm
configure:5408: checking the name lister (/usr/bin/nm) interface
configure:5415: g++ -c -g -O2  conftest.cpp >&5
configure:5418: /usr/bin/nm "conftest.o"
configure:5421: output
0000000000000204 S _some_variable
configure:5428: result: BSD nm
configure:5431: checking whether ln -s works
configure:5435: result: yes
configure:5443: checking the maximum length of command line arguments
configure:5568: result: 196608
configure:5585: checking whether the shell understands some XSI constructs
configure:5595: result: yes
configure:5599: checking whether the shell understands "+="
configure:5605: result: yes
configure:5640: checking how to convert x86_64-apple-darwin15.3.0 file names to x86_64-apple-darwin15.3.0 format
configure:5680: result: func_convert_file_noop
configure:5687: checking how to convert x86_64-apple-darwin15.3.0 file names to toolchain format
configure:5707: result: func_convert_file_noop
configure:5714: checking for /Applications/Xcode.app/Contents/Developer/Toolchains/XcodeDefault.xctoolchain/usr/bin/ld option to reload object files
configure:5721: result: -r
configure:5795: checking for objdump
configure:5825: result: no
configure:5854: checking how to recognize dependent libraries
configure:6056: result: pass_all
configure:6141: checking for dlltool
configure:6171: result: no
configure:6201: checking how to associate runtime and link libraries
configure:6228: result: printf %s\n
configure:6289: checking for ar
configure:6305: found /usr/bin/ar
configure:6316: result: ar
configure:6353: checking for archiver @FILE support
configure:6370: g++ -c -g -O2  conftest.cpp >&5
configure:6370: $? = 0
configure:6373: ar cru libconftest.a @conftest.lst >&5
ar: @conftest.lst: No such file or directory
configure:6376: $? = 1
configure:6396: result: no
configure:6454: checking for strip
configure:6470: found /usr/bin/strip
configure:6481: result: strip
configure:6553: checking for ranlib
configure:6569: found /usr/bin/ranlib
configure:6580: result: ranlib
configure:6682: checking command to parse /usr/bin/nm output from gcc object
configure:6801: g++ -c -g -O2  conftest.cpp >&5
configure:6804: $? = 0
configure:6808: /usr/bin/nm conftest.o \| sed -n -e 's/^.*[ ]\([BCDEGRST][BCDEGRST]*\)[ ][ ]*\([_A-Za-z][_A-Za-z0-9]*\)$/\1 \2 \2/p' | sed '/ __gnu_lto/d' \> conftest.nm
configure:6811: $? = 0
cannot find nm_test_var in conftest.nm
configure:6801: g++ -c -g -O2  conftest.cpp >&5
configure:6804: $? = 0
configure:6808: /usr/bin/nm conftest.o \| sed -n -e 's/^.*[ ]\([BCDEGRST][BCDEGRST]*\)[ ][ ]*_\([_A-Za-z][_A-Za-z0-9]*\)$/\1 _\2 \2/p' | sed '/ __gnu_lto/d' \> conftest.nm
configure:6811: $? = 0
configure:6877: g++ -o conftest -g -O2   conftest.cpp conftstm.o >&5
configure:6880: $? = 0
configure:6918: result: ok
configure:6955: checking for sysroot
configure:6985: result: no
configure:7228: checking for mt
configure:7258: result: no
configure:7278: checking if : is a manifest tool
configure:7284: : '-?'
configure:7292: result: no
configure:7348: checking for dsymutil
configure:7364: found /usr/bin/dsymutil
configure:7375: result: dsymutil
configure:7440: checking for nmedit
configure:7456: found /usr/bin/nmedit
configure:7467: result: nmedit
configure:7532: checking for lipo
configure:7548: found /usr/bin/lipo
configure:7559: result: lipo
configure:7624: checking for otool
configure:7640: found /usr/bin/otool
configure:7651: result: otool
configure:7716: checking for otool64
configure:7746: result: no
configure:7791: checking for -single_module linker flag
gcc -g -O2  -o libconftest.dylib -dynamiclib -Wl,-single_module conftest.c
configure:7818: result: yes
configure:7820: checking for -exported_symbols_list linker flag
configure:7840: g++ -o conftest -g -O2   -Wl,-exported_symbols_list,conftest.sym conftest.cpp  >&5
configure:7840: $? = 0
configure:7850: result: yes
configure:7852: checking for -force_load linker flag
gcc -g -O2 -c -o conftest.o conftest.c
ar cru libconftest.a conftest.o
ranlib libconftest.a
gcc -g -O2  -o conftest conftest.c -Wl,-force_load,./libconftest.a
warning: (x86_64)  could not find object file symbol for symbol _forced_loaded
configure:7882: result: no
configure:7919: checking for ANSI C header files
configure:7939: g++ -c -g -O2  conftest.cpp >&5
configure:7939: $? = 0
./configure: line 7953: conftest.cpp: command not found
configure:8023: result: no
configure:8036: checking for sys/types.h
configure:8036: g++ -c -g -O2  conftest.cpp >&5
configure:8036: $? = 0
configure:8036: result: yes
configure:8036: checking for sys/stat.h
configure:8036: g++ -c -g -O2  conftest.cpp >&5
configure:8036: $? = 0
configure:8036: result: yes
configure:8036: checking for stdlib.h
configure:8036: g++ -c -g -O2  conftest.cpp >&5
configure:8036: $? = 0
configure:8036: result: yes
configure:8036: checking for string.h
configure:8036: g++ -c -g -O2  conftest.cpp >&5
configure:8036: $? = 0
configure:8036: result: yes
configure:8036: checking for memory.h
configure:8036: g++ -c -g -O2  conftest.cpp >&5
configure:8036: $? = 0
configure:8036: result: yes
configure:8036: checking for strings.h
configure:8036: g++ -c -g -O2  conftest.cpp >&5
configure:8036: $? = 0
configure:8036: result: yes
configure:8036: checking for inttypes.h
configure:8036: g++ -c -g -O2  conftest.cpp >&5
configure:8036: $? = 0
configure:8036: result: yes
configure:8036: checking for stdint.h
configure:8036: g++ -c -g -O2  conftest.cpp >&5
configure:8036: $? = 0
configure:8036: result: yes
configure:8036: checking for unistd.h
configure:8036: g++ -c -g -O2  conftest.cpp >&5
configure:8036: $? = 0
configure:8036: result: yes
configure:8050: checking for dlfcn.h
configure:8050: g++ -c -g -O2  conftest.cpp >&5
configure:8050: $? = 0
configure:8050: result: yes
configure:8247: checking for objdir
configure:8262: result: .libs
configure:8529: checking if gcc supports -fno-rtti -fno-exceptions
configure:8547: gcc -c -g -O2  -fno-rtti -fno-exceptions conftest.c >&5
configure:8551: $? = 0
configure:8564: result: yes
configure:8874: checking for gcc option to produce PIC
configure:8881: result: -fno-common -DPIC
configure:8889: checking if gcc PIC flag -fno-common -DPIC works
configure:8907: gcc -c -g -O2  -fno-common -DPIC -DPIC conftest.c >&5
configure:8911: $? = 0
configure:8924: result: yes
configure:8953: checking if gcc static flag -static works
configure:8981: result: no
configure:8996: checking if gcc supports -c -o file.o
configure:9017: gcc -c -g -O2  -o out/conftest2.o conftest.c >&5
configure:9021: $? = 0
configure:9043: result: yes
configure:9051: checking if gcc supports -c -o file.o
configure:9098: result: yes
configure:9131: checking whether the gcc linker (/Applications/Xcode.app/Contents/Developer/Toolchains/XcodeDefault.xctoolchain/usr/bin/ld) supports shared libraries
configure:10293: result: yes
configure:10538: checking dynamic linker characteristics
configure:11287: result: darwin15.3.0 dyld
configure:11394: checking how to hardcode library paths into programs
configure:11419: result: immediate
configure:11959: checking whether stripping libraries is possible
configure:11973: result: yes
configure:11999: checking if libtool supports shared libraries
configure:12001: result: yes
configure:12004: checking whether to build shared libraries
configure:12025: result: yes
configure:12028: checking whether to build static libraries
configure:12032: result: yes
configure:12055: checking how to run the C++ preprocessor
configure:12082: g++ -E  conftest.cpp
configure:12082: $? = 0
configure:12096: g++ -E  conftest.cpp
conftest.cpp:22:10: fatal error: 'ac_nonexistent.h' file not found
#include <ac_nonexistent.h>
         ^
1 error generated.
configure:12096: $? = 1
configure: failed program was:
| /* confdefs.h */
| #define PACKAGE_NAME ""
| #define PACKAGE_TARNAME ""
| #define PACKAGE_VERSION ""
| #define PACKAGE_STRING ""
| #define PACKAGE_BUGREPORT ""
| #define PACKAGE_URL ""
| #define PACKAGE "CRF++"
| #define VERSION "0.57"
| #define HAVE_SYS_TYPES_H 1
| #define HAVE_SYS_STAT_H 1
| #define HAVE_STDLIB_H 1
| #define HAVE_STRING_H 1
| #define HAVE_MEMORY_H 1
| #define HAVE_STRINGS_H 1
| #define HAVE_INTTYPES_H 1
| #define HAVE_STDINT_H 1
| #define HAVE_UNISTD_H 1
| #define HAVE_DLFCN_H 1
| #define LT_OBJDIR ".libs/"
| /* end confdefs.h.  */
| #include <ac_nonexistent.h>
configure:12121: result: g++ -E
configure:12141: g++ -E  conftest.cpp
configure:12141: $? = 0
configure:12155: g++ -E  conftest.cpp
conftest.cpp:22:10: fatal error: 'ac_nonexistent.h' file not found
#include <ac_nonexistent.h>
         ^
1 error generated.
configure:12155: $? = 1
configure: failed program was:
| /* confdefs.h */
| #define PACKAGE_NAME ""
| #define PACKAGE_TARNAME ""
| #define PACKAGE_VERSION ""
| #define PACKAGE_STRING ""
| #define PACKAGE_BUGREPORT ""
| #define PACKAGE_URL ""
| #define PACKAGE "CRF++"
| #define VERSION "0.57"
| #define HAVE_SYS_TYPES_H 1
| #define HAVE_SYS_STAT_H 1
| #define HAVE_STDLIB_H 1
| #define HAVE_STRING_H 1
| #define HAVE_MEMORY_H 1
| #define HAVE_STRINGS_H 1
| #define HAVE_INTTYPES_H 1
| #define HAVE_STDINT_H 1
| #define HAVE_UNISTD_H 1
| #define HAVE_DLFCN_H 1
| #define LT_OBJDIR ".libs/"
| /* end confdefs.h.  */
| #include <ac_nonexistent.h>
configure:12325: checking for ld used by g++
configure:12392: result: /Applications/Xcode.app/Contents/Developer/Toolchains/XcodeDefault.xctoolchain/usr/bin/ld
configure:12399: checking if the linker (/Applications/Xcode.app/Contents/Developer/Toolchains/XcodeDefault.xctoolchain/usr/bin/ld) is GNU ld
configure:12414: result: no
configure:12469: checking whether the g++ linker (/Applications/Xcode.app/Contents/Developer/Toolchains/XcodeDefault.xctoolchain/usr/bin/ld) supports shared libraries
configure:13473: result: yes
configure:13508: g++ -c -g -O2  conftest.cpp >&5
configure:13511: $? = 0
configure:14031: checking for g++ option to produce PIC
configure:14038: result: -fno-common -DPIC
configure:14046: checking if g++ PIC flag -fno-common -DPIC works
configure:14064: g++ -c -g -O2  -fno-common -DPIC -DPIC conftest.cpp >&5
configure:14068: $? = 0
configure:14081: result: yes
configure:14104: checking if g++ static flag -static works
configure:14132: result: no
configure:14144: checking if g++ supports -c -o file.o
configure:14165: g++ -c -g -O2  -o out/conftest2.o conftest.cpp >&5
configure:14169: $? = 0
configure:14191: result: yes
configure:14196: checking if g++ supports -c -o file.o
configure:14243: result: yes
configure:14273: checking whether the g++ linker (/Applications/Xcode.app/Contents/Developer/Toolchains/XcodeDefault.xctoolchain/usr/bin/ld) supports shared libraries
configure:14310: result: yes
configure:14453: checking dynamic linker characteristics
configure:15136: result: darwin15.3.0 dyld
configure:15189: checking how to hardcode library paths into programs
configure:15214: result: immediate
configure:15277: checking for ANSI C header files
configure:15381: result: no
configure:15394: checking for string.h
configure:15394: result: yes
configure:15394: checking for stdlib.h
configure:15394: result: yes
configure:15394: checking for unistd.h
configure:15394: result: yes
configure:15394: checking fcntl.h usability
configure:15394: g++ -c -g -O2  conftest.cpp >&5
configure:15394: $? = 0
configure:15394: result: yes
configure:15394: checking fcntl.h presence
configure:15394: g++ -E  conftest.cpp
configure:15394: $? = 0
configure:15394: result: yes
configure:15394: checking for fcntl.h
configure:15394: result: yes
configure:15394: checking for sys/stat.h
configure:15394: result: yes
configure:15394: checking sys/mman.h usability
configure:15394: g++ -c -g -O2  conftest.cpp >&5
configure:15394: $? = 0
configure:15394: result: yes
configure:15394: checking sys/mman.h presence
configure:15394: g++ -E  conftest.cpp
configure:15394: $? = 0
configure:15394: result: yes
configure:15394: checking for sys/mman.h
configure:15394: result: yes
configure:15394: checking sys/times.h usability
configure:15394: g++ -c -g -O2  conftest.cpp >&5
configure:15394: $? = 0
configure:15394: result: yes
configure:15394: checking sys/times.h presence
configure:15394: g++ -E  conftest.cpp
configure:15394: $? = 0
configure:15394: result: yes
configure:15394: checking for sys/times.h
configure:15394: result: yes
configure:15394: checking ctype.h usability
configure:15394: g++ -c -g -O2  conftest.cpp >&5
configure:15394: $? = 0
configure:15394: result: yes
configure:15394: checking ctype.h presence
configure:15394: g++ -E  conftest.cpp
configure:15394: $? = 0
configure:15394: result: yes
configure:15394: checking for ctype.h
configure:15394: result: yes
configure:15394: checking for sys/types.h
configure:15394: result: yes
configure:15394: checking math.h usability
configure:15394: g++ -c -g -O2  conftest.cpp >&5
configure:15394: $? = 0
configure:15394: result: yes
configure:15394: checking math.h presence
configure:15394: g++ -E  conftest.cpp
configure:15394: $? = 0
configure:15394: result: yes
configure:15394: checking for math.h
configure:15394: result: yes
configure:15394: checking pthread.h usability
configure:15394: g++ -c -g -O2  conftest.cpp >&5
configure:15394: $? = 0
configure:15394: result: yes
configure:15394: checking pthread.h presence
configure:15394: g++ -E  conftest.cpp
configure:15394: $? = 0
configure:15394: result: yes
configure:15394: checking for pthread.h
configure:15394: result: yes
configure:15405: checking for size_t
configure:15405: g++ -c -g -O2  conftest.cpp >&5
configure:15405: $? = 0
configure:15405: g++ -c -g -O2  conftest.cpp >&5
conftest.cpp:69:21: error: expected expression
if (sizeof ((size_t)))
                    ^
1 error generated.
configure:15405: $? = 1
configure: failed program was:
| /* confdefs.h */
| #define PACKAGE_NAME ""
| #define PACKAGE_TARNAME ""
| #define PACKAGE_VERSION ""
| #define PACKAGE_STRING ""
| #define PACKAGE_BUGREPORT ""
| #define PACKAGE_URL ""
| #define PACKAGE "CRF++"
| #define VERSION "0.57"
| #define HAVE_SYS_TYPES_H 1
| #define HAVE_SYS_STAT_H 1
| #define HAVE_STDLIB_H 1
| #define HAVE_STRING_H 1
| #define HAVE_MEMORY_H 1
| #define HAVE_STRINGS_H 1
| #define HAVE_INTTYPES_H 1
| #define HAVE_STDINT_H 1
| #define HAVE_UNISTD_H 1
| #define HAVE_DLFCN_H 1
| #define LT_OBJDIR ".libs/"
| #define HAVE_STRING_H 1
| #define HAVE_STDLIB_H 1
| #define HAVE_UNISTD_H 1
| #define HAVE_FCNTL_H 1
| #define HAVE_SYS_STAT_H 1
| #define HAVE_SYS_MMAN_H 1
| #define HAVE_SYS_TIMES_H 1
| #define HAVE_CTYPE_H 1
| #define HAVE_SYS_TYPES_H 1
| #define HAVE_MATH_H 1
| #define HAVE_PTHREAD_H 1
| /* end confdefs.h.  */
| #include <stdio.h>
| #ifdef HAVE_SYS_TYPES_H
| # include <sys/types.h>
| #endif
| #ifdef HAVE_SYS_STAT_H
| # include <sys/stat.h>
| #endif
| #ifdef STDC_HEADERS
| # include <stdlib.h>
| # include <stddef.h>
| #else
| # ifdef HAVE_STDLIB_H
| #  include <stdlib.h>
| # endif
| #endif
| #ifdef HAVE_STRING_H
| # if !defined STDC_HEADERS && defined HAVE_MEMORY_H
| #  include <memory.h>
| # endif
| # include <string.h>
| #endif
| #ifdef HAVE_STRINGS_H
| # include <strings.h>
| #endif
| #ifdef HAVE_INTTYPES_H
| # include <inttypes.h>
| #endif
| #ifdef HAVE_STDINT_H
| # include <stdint.h>
| #endif
| #ifdef HAVE_UNISTD_H
| # include <unistd.h>
| #endif
| int
| main ()
| {
| if (sizeof ((size_t)))
| 	    return 0;
|   ;
|   return 0;
| }
configure:15405: result: yes
configure:15417: checking for pow in -lm
configure:15442: g++ -o conftest -g -O2   conftest.cpp -lm   >&5
configure:15442: $? = 0
configure:15451: result: yes
configure:15462: checking for exp in -lm
configure:15487: g++ -o conftest -g -O2   conftest.cpp -lm  -lm  >&5
configure:15487: $? = 0
configure:15496: result: yes
configure:15507: checking for log in -lm
configure:15532: g++ -o conftest -g -O2   conftest.cpp -lm  -lm -lm  >&5
configure:15532: $? = 0
configure:15541: result: yes
configure:15552: checking for pthread_create in -lpthread
configure:15577: g++ -o conftest -g -O2   conftest.cpp -lpthread  -lm -lm -lm  >&5
configure:15577: $? = 0
configure:15586: result: yes
configure:15597: checking for pthread_join in -lpthread
configure:15622: g++ -o conftest -g -O2   conftest.cpp -lpthread  -lpthread -lm -lm -lm  >&5
configure:15622: $? = 0
configure:15631: result: yes
configure:15648: checking for stdlib.h
configure:15648: result: yes
configure:15648: checking for unistd.h
configure:15648: result: yes
configure:15648: checking for sys/param.h
configure:15648: g++ -c -g -O2  conftest.cpp >&5
configure:15648: $? = 0
configure:15648: result: yes
configure:15668: checking for getpagesize
configure:15668: g++ -o conftest -g -O2   conftest.cpp -lpthread -lpthread -lm -lm -lm  >&5
configure:15668: $? = 0
configure:15668: result: yes
configure:15677: checking for working mmap
configure:15824: g++ -o conftest -g -O2   conftest.cpp -lpthread -lpthread -lm -lm -lm  >&5
configure:15824: $? = 0
configure:15824: ./conftest
configure:15824: $? = 0
configure:15834: result: yes
configure:15844: checking whether make is GNU Make
configure:15847: result: yes
configure:16113: checking if g++ supports stl <string> (required)
configure:16130: g++ -c -O3 -Wall  conftest.cpp >&5
configure:16130: $? = 0
configure:16142: result: yes
configure:16146: checking if g++ supports stl <vector> (required)
configure:16163: g++ -c -O3 -Wall  conftest.cpp >&5
configure:16163: $? = 0
configure:16175: result: yes
configure:16179: checking if g++ supports stl <map> (required)
configure:16196: g++ -c -O3 -Wall  conftest.cpp >&5
configure:16196: $? = 0
configure:16208: result: yes
configure:16212: checking if g++ supports stl <set> (required)
configure:16229: g++ -c -O3 -Wall  conftest.cpp >&5
configure:16229: $? = 0
configure:16241: result: yes
configure:16245: checking if g++ supports stl <iostream> (required)
configure:16262: g++ -c -O3 -Wall  conftest.cpp >&5
configure:16262: $? = 0
configure:16274: result: yes
configure:16278: checking if g++ supports stl <fstream> (required)
configure:16295: g++ -c -O3 -Wall  conftest.cpp >&5
configure:16295: $? = 0
configure:16307: result: yes
configure:16311: checking if g++ supports stl <sstream> (required)
configure:16328: g++ -c -O3 -Wall  conftest.cpp >&5
configure:16328: $? = 0
configure:16340: result: yes
configure:16344: checking if g++ supports stl <stdexcept> (required)
configure:16361: g++ -c -O3 -Wall  conftest.cpp >&5
configure:16361: $? = 0
configure:16373: result: yes
configure:16378: checking if g++ supports template <class T> (required)
configure:16397: g++ -c -O3 -Wall  conftest.cpp >&5
configure:16397: $? = 0
configure:16409: result: yes
configure:16413: checking if g++ supports const_cast<> (required)
configure:16431: g++ -c -O3 -Wall  conftest.cpp >&5
conftest.cpp:51:9: warning: unused variable 'c1' [-Wunused-variable]
   foo *c1=const_cast<foo*>(c);
        ^
1 warning generated.
configure:16431: $? = 0
configure:16443: result: yes
configure:16447: checking if g++ supports static_cast<> (required)
configure:16465: g++ -c -O3 -Wall  conftest.cpp >&5
conftest.cpp:51:10: warning: unused variable 'c1' [-Wunused-variable]
   void *c1 = static_cast<void *>(c);
         ^
1 warning generated.
configure:16465: $? = 0
configure:16477: result: yes
configure:16481: checking if g++ supports dynamic_cast<> (required)
configure:16500: g++ -c -O3 -Wall  conftest.cpp >&5
conftest.cpp:52:9: warning: unused variable 'c1' [-Wunused-variable]
   foo *c1 = dynamic_cast<foo *>(c);
        ^
1 warning generated.
configure:16500: $? = 0
configure:16512: result: yes
configure:16516: checking if g++ supports exception handler (required)
configure:16539: g++ -c -O3 -Wall  conftest.cpp >&5
conftest.cpp:51:11: warning: unused variable 'i' [-Wunused-variable]
      int i = 0;
          ^
1 warning generated.
configure:16539: $? = 0
configure:16551: result: yes
configure:16555: checking if g++ supports namespaces (required) 
configure:16573: g++ -c -O3 -Wall  conftest.cpp >&5
conftest.cpp:51:3: warning: unused variable 'a' [-Wunused-variable]
A a;
  ^
1 warning generated.
configure:16573: $? = 0
configure:16584: result: yes
configure:16588: checking if g++ supports __thread (optional)
configure:16605: g++ -c -O3 -Wall  conftest.cpp >&5
configure:16605: $? = 0
configure:16615: result: yes
configure:16628: checking if g++ supports _SC_NPROCESSORS_CONF (optional)
configure:16646: g++ -c -O3 -Wall  conftest.cpp >&5
configure:16646: $? = 0
configure:16656: result: yes
configure:16667: checking if g++ environment provides all required features
configure:16675: result: yes
configure:16817: creating ./config.status

## ---------------------- ##
## Running config.status. ##
## ---------------------- ##

This file was extended by config.status, which was
generated by GNU Autoconf 2.68.  Invocation command line was

  CONFIG_FILES    = 
  CONFIG_HEADERS  = 
  CONFIG_LINKS    = 
  CONFIG_COMMANDS = 
  $ ./config.status 

on Poincare.homenet.telecomitalia.it

config.status:1172: creating Makefile
config.status:1172: creating Makefile.msvc
config.status:1172: creating swig/version.h
config.status:1172: creating config.h
config.status:1401: executing depfiles commands
config.status:1401: executing libtool commands

## ---------------- ##
## Cache variables. ##
## ---------------- ##

ac_cv_build=x86_64-apple-darwin15.3.0
ac_cv_c_compiler_gnu=yes
ac_cv_cxx_compiler_gnu=yes
ac_cv_env_CCC_set=
ac_cv_env_CCC_value=
ac_cv_env_CC_set=
ac_cv_env_CC_value=
ac_cv_env_CFLAGS_set=
ac_cv_env_CFLAGS_value=
ac_cv_env_CPPFLAGS_set=
ac_cv_env_CPPFLAGS_value=
ac_cv_env_CPP_set=
ac_cv_env_CPP_value=
ac_cv_env_CXXCPP_set=
ac_cv_env_CXXCPP_value=
ac_cv_env_CXXFLAGS_set=
ac_cv_env_CXXFLAGS_value=
ac_cv_env_CXX_set=
ac_cv_env_CXX_value=
ac_cv_env_LDFLAGS_set=
ac_cv_env_LDFLAGS_value=
ac_cv_env_LIBS_set=
ac_cv_env_LIBS_value=
ac_cv_env_build_alias_set=
ac_cv_env_build_alias_value=
ac_cv_env_host_alias_set=
ac_cv_env_host_alias_value=
ac_cv_env_target_alias_set=
ac_cv_env_target_alias_value=
ac_cv_func_getpagesize=yes
ac_cv_func_mmap_fixed_mapped=yes
ac_cv_header_ctype_h=yes
ac_cv_header_dlfcn_h=yes
ac_cv_header_fcntl_h=yes
ac_cv_header_inttypes_h=yes
ac_cv_header_math_h=yes
ac_cv_header_memory_h=yes
ac_cv_header_pthread_h=yes
ac_cv_header_stdc=no
ac_cv_header_stdint_h=yes
ac_cv_header_stdlib_h=yes
ac_cv_header_string_h=yes
ac_cv_header_strings_h=yes
ac_cv_header_sys_mman_h=yes
ac_cv_header_sys_param_h=yes
ac_cv_header_sys_stat_h=yes
ac_cv_header_sys_times_h=yes
ac_cv_header_sys_types_h=yes
ac_cv_header_unistd_h=yes
ac_cv_host=x86_64-apple-darwin15.3.0
ac_cv_lib_m_exp=yes
ac_cv_lib_m_log=yes
ac_cv_lib_m_pow=yes
ac_cv_lib_pthread_pthread_create=yes
ac_cv_lib_pthread_pthread_join=yes
ac_cv_objext=o
ac_cv_path_EGREP='/usr/bin/grep -E'
ac_cv_path_FGREP='/usr/bin/grep -F'
ac_cv_path_GREP=/usr/bin/grep
ac_cv_path_SED=/usr/bin/sed
ac_cv_path_install='/usr/bin/install -c'
ac_cv_prog_AWK=awk
ac_cv_prog_CPP='gcc -E'
ac_cv_prog_CXXCPP='g++ -E'
ac_cv_prog_ac_ct_AR=ar
ac_cv_prog_ac_ct_CC=gcc
ac_cv_prog_ac_ct_CXX=g++
ac_cv_prog_ac_ct_DSYMUTIL=dsymutil
ac_cv_prog_ac_ct_LIPO=lipo
ac_cv_prog_ac_ct_NMEDIT=nmedit
ac_cv_prog_ac_ct_OTOOL=otool
ac_cv_prog_ac_ct_RANLIB=ranlib
ac_cv_prog_ac_ct_STRIP=strip
ac_cv_prog_cc_c89=
ac_cv_prog_cc_g=yes
ac_cv_prog_cxx_g=yes
ac_cv_prog_gcc_traditional=no
ac_cv_prog_make_make_set=yes
ac_cv_search_strerror='none required'
ac_cv_type_size_t=yes
am_cv_CC_dependencies_compiler_type=gcc3
am_cv_CXX_dependencies_compiler_type=gcc3
lt_cv_apple_cc_single_mod=yes
lt_cv_ar_at_file=no
lt_cv_deplibs_check_method=pass_all
lt_cv_file_magic_cmd='$MAGIC_CMD'
lt_cv_file_magic_test_file=
lt_cv_ld_exported_symbols_list=yes
lt_cv_ld_force_load=no
lt_cv_ld_reload_flag=-r
lt_cv_nm_interface='BSD nm'
lt_cv_objdir=.libs
lt_cv_path_LD=/Applications/Xcode.app/Contents/Developer/Toolchains/XcodeDefault.xctoolchain/usr/bin/ld
lt_cv_path_LDCXX=/Applications/Xcode.app/Contents/Developer/Toolchains/XcodeDefault.xctoolchain/usr/bin/ld
lt_cv_path_NM=/usr/bin/nm
lt_cv_path_mainfest_tool=no
lt_cv_prog_compiler_c_o=yes
lt_cv_prog_compiler_c_o_CXX=yes
lt_cv_prog_compiler_pic='-fno-common -DPIC'
lt_cv_prog_compiler_pic_CXX='-fno-common -DPIC'
lt_cv_prog_compiler_pic_works=yes
lt_cv_prog_compiler_pic_works_CXX=yes
lt_cv_prog_compiler_rtti_exceptions=yes
lt_cv_prog_compiler_static_works=no
lt_cv_prog_compiler_static_works_CXX=no
lt_cv_prog_gnu_ld=no
lt_cv_prog_gnu_ldcxx=no
lt_cv_sharedlib_from_linklib_cmd='printf %s\n'
lt_cv_sys_global_symbol_pipe='sed -n -e '\''s/^.*[	 ]\([BCDEGRST][BCDEGRST]*\)[	 ][	 ]*_\([_A-Za-z][_A-Za-z0-9]*\)$/\1 _\2 \2/p'\'' | sed '\''/ __gnu_lto/d'\'''
lt_cv_sys_global_symbol_to_c_name_address='sed -n -e '\''s/^: \([^ ]*\)[ ]*$/  {\"\1\", (void *) 0},/p'\'' -e '\''s/^[BCDEGRST]* \([^ ]*\) \([^ ]*\)$/  {"\2", (void *) \&\2},/p'\'''
lt_cv_sys_global_symbol_to_c_name_address_lib_prefix='sed -n -e '\''s/^: \([^ ]*\)[ ]*$/  {\"\1\", (void *) 0},/p'\'' -e '\''s/^[BCDEGRST]* \([^ ]*\) \(lib[^ ]*\)$/  {"\2", (void *) \&\2},/p'\'' -e '\''s/^[BCDEGRST]* \([^ ]*\) \([^ ]*\)$/  {"lib\2", (void *) \&\2},/p'\'''
lt_cv_sys_global_symbol_to_cdecl='sed -n -e '\''s/^T .* \(.*\)$/extern int \1();/p'\'' -e '\''s/^[BCDEGRST]* .* \(.*\)$/extern char \1;/p'\'''
lt_cv_sys_max_cmd_len=196608
lt_cv_to_host_file_cmd=func_convert_file_noop
lt_cv_to_tool_file_cmd=func_convert_file_noop

## ----------------- ##
## Output variables. ##
## ----------------- ##

ACLOCAL='${SHELL} /Users/poincare/Dropbox/Courseware3/LGM/CRF++-0.57/missing --run aclocal-1.11'
AMDEPBACKSLASH='\'
AMDEP_FALSE='#'
AMDEP_TRUE=''
AMTAR='${SHELL} /Users/poincare/Dropbox/Courseware3/LGM/CRF++-0.57/missing --run tar'
AR='ar'
AUTOCONF='${SHELL} /Users/poincare/Dropbox/Courseware3/LGM/CRF++-0.57/missing --run autoconf'
AUTOHEADER='${SHELL} /Users/poincare/Dropbox/Courseware3/LGM/CRF++-0.57/missing --run autoheader'
AUTOMAKE='${SHELL} /Users/poincare/Dropbox/Courseware3/LGM/CRF++-0.57/missing --run automake-1.11'
AWK='awk'
CC='gcc'
CCDEPMODE='depmode=gcc3'
CFLAGS='-O3 -Wall'
CPP='gcc -E'
CPPFLAGS=''
CXX='g++'
CXXCPP='g++ -E'
CXXDEPMODE='depmode=gcc3'
CXXFLAGS='-O3 -Wall'
CYGPATH_W='echo'
DEFS='-DHAVE_CONFIG_H'
DEPDIR='.deps'
DLLTOOL='false'
DSYMUTIL='dsymutil'
DUMPBIN=''
ECHO_C='\c'
ECHO_N=''
ECHO_T=''
EGREP='/usr/bin/grep -E'
EXEEXT=''
FGREP='/usr/bin/grep -F'
GREP='/usr/bin/grep'
INSTALL_DATA='${INSTALL} -m 644'
INSTALL_PROGRAM='${INSTALL}'
INSTALL_SCRIPT='${INSTALL}'
INSTALL_STRIP_PROGRAM='$(install_sh) -c -s'
LD='/Applications/Xcode.app/Contents/Developer/Toolchains/XcodeDefault.xctoolchain/usr/bin/ld'
LDFLAGS=''
LIBOBJS=''
LIBS='-lpthread -lpthread -lm -lm -lm '
LIBTOOL='$(SHELL) $(top_builddir)/libtool'
LIPO='lipo'
LN_S='ln -s'
LTLIBOBJS=''
MAKEINFO='${SHELL} /Users/poincare/Dropbox/Courseware3/LGM/CRF++-0.57/missing --run makeinfo'
MANIFEST_TOOL=':'
MKDIR_P='./install-sh -c -d'
NM='/usr/bin/nm'
NMEDIT='nmedit'
OBJDUMP='false'
OBJEXT='o'
OTOOL64=':'
OTOOL='otool'
PACKAGE='CRF++'
PACKAGE_BUGREPORT=''
PACKAGE_NAME=''
PACKAGE_STRING=''
PACKAGE_TARNAME=''
PACKAGE_URL=''
PACKAGE_VERSION=''
PATH_SEPARATOR=':'
RANLIB='ranlib'
SED='/usr/bin/sed'
SET_MAKE=''
SHELL='/bin/sh'
STRIP='strip'
VERSION='0.57'
ac_ct_AR='ar'
ac_ct_CC='gcc'
ac_ct_CXX='g++'
ac_ct_DUMPBIN=''
am__EXEEXT_FALSE=''
am__EXEEXT_TRUE='#'
am__fastdepCC_FALSE='#'
am__fastdepCC_TRUE=''
am__fastdepCXX_FALSE='#'
am__fastdepCXX_TRUE=''
am__include='include'
am__isrc=''
am__leading_dot='.'
am__quote=''
am__tar='${AMTAR} chof - "$$tardir"'
am__untar='${AMTAR} xf -'
bindir='${exec_prefix}/bin'
build='x86_64-apple-darwin15.3.0'
build_alias=''
build_cpu='x86_64'
build_os='darwin15.3.0'
build_vendor='apple'
datadir='${datarootdir}'
datarootdir='${prefix}/share'
docdir='${datarootdir}/doc/${PACKAGE}'
dvidir='${docdir}'
exec_prefix='${prefix}'
host='x86_64-apple-darwin15.3.0'
host_alias=''
host_cpu='x86_64'
host_os='darwin15.3.0'
host_vendor='apple'
htmldir='${docdir}'
includedir='${prefix}/include'
infodir='${datarootdir}/info'
install_sh='${SHELL} /Users/poincare/Dropbox/Courseware3/LGM/CRF++-0.57/install-sh'
libdir='${exec_prefix}/lib'
libexecdir='${exec_prefix}/libexec'
localedir='${datarootdir}/locale'
localstatedir='${prefix}/var'
mandir='${datarootdir}/man'
mkdir_p='$(top_builddir)/./install-sh -c -d'
oldincludedir='/usr/include'
pdfdir='${docdir}'
prefix='/usr/local'
program_transform_name='s,x,x,'
psdir='${docdir}'
sbindir='${exec_prefix}/sbin'
sharedstatedir='${prefix}/com'
sysconfdir='${prefix}/etc'
target_alias=''

## ----------- ##
## confdefs.h. ##
## ----------- ##

/* confdefs.h */
#define PACKAGE_NAME ""
#define PACKAGE_TARNAME ""
#define PACKAGE_VERSION ""
#define PACKAGE_STRING ""
#define PACKAGE_BUGREPORT ""
#define PACKAGE_URL ""
#define PACKAGE "CRF++"
#define VERSION "0.57"
#define HAVE_SYS_TYPES_H 1
#define HAVE_SYS_STAT_H 1
#define HAVE_STDLIB_H 1
#define HAVE_STRING_H 1
#define HAVE_MEMORY_H 1
#define HAVE_STRINGS_H 1
#define HAVE_INTTYPES_H 1
#define HAVE_STDINT_H 1
#define HAVE_UNISTD_H 1
#define HAVE_DLFCN_H 1
#define LT_OBJDIR ".libs/"
#define HAVE_STRING_H 1
#define HAVE_STDLIB_H 1
#define HAVE_UNISTD_H 1
#define HAVE_FCNTL_H 1
#define HAVE_SYS_STAT_H 1
#define HAVE_SYS_MMAN_H 1
#define HAVE_SYS_TIMES_H 1
#define HAVE_CTYPE_H 1
#define HAVE_SYS_TYPES_H 1
#define HAVE_MATH_H 1
#define HAVE_PTHREAD_H 1
#define HAVE_LIBM 1
#define HAVE_LIBM 1
#define HAVE_LIBM 1
#define HAVE_LIBPTHREAD 1
#define HAVE_LIBPTHREAD 1
#define HAVE_STDLIB_H 1
#define HAVE_UNISTD_H 1
#define HAVE_SYS_PARAM_H 1
#define HAVE_GETPAGESIZE 1
#define HAVE_MMAP 1
#define HAVE_TLS_KEYWORD 1
#define HAVE_SYS_CONF_SC_NPROCESSORS_CONF 1

configure: exit 0
